<?xml version="1.0" encoding="UTF-8"?>
<!-- Generated by org.testng.reporters.JUnitReportReporter -->
<testsuite skipped="0" hostname="LAPTOP-EEQKCGDV" name="tests.LoginTest" tests="8" failures="0" timestamp="03 Aug 2018 17:33:16 GMT" time="13.870" errors="0">
  <testcase name="allCapsPassword" time="4.024" classname="tests.LoginTest"/>
  <testcase name="allCapsEmailandPassword" time="1.109" classname="tests.LoginTest"/>
  <testcase name="invalidEmail" time="1.496" classname="tests.LoginTest"/>
  <testcase name="emptyEmail" time="1.410" classname="tests.LoginTest"/>
  <testcase name="emptyPassword" time="0.978" classname="tests.LoginTest"/>
  <testcase name="passShorterThanSixChars" time="0.972" classname="tests.LoginTest"/>
  <testcase name="passLongerThanTwentyChars" time="1.798" classname="tests.LoginTest"/>
  <testcase name="allCapsEmail" time="2.083" classname="tests.LoginTest"/>
</testsuite> <!-- tests.LoginTest -->
